<?xml version="1.0" encoding="UTF-8"?>
<!-- Generated by org.testng.reporters.JUnitXMLReporter -->
<testsuite ignored="2" hostname="LAPTOP-BN9BA7IM" failures="0" tests="1" name="Default test" time="9.577" errors="0" timestamp="2022-10-08T21:09:35 IST">
  <testcase classname="com.test.LoginPageTest" name="LoginTest3" time="4.289"/>
  <testcase classname="com.test.LoginPageTest" name="LoginTest2" time="0.0">
    <ignored/>
  </testcase> <!-- LoginTest2 -->
  <testcase classname="com.test.LoginPageTest" name="LoginTest1" time="0.0">
    <ignored/>
  </testcase> <!-- LoginTest1 -->
</testsuite> <!-- Default test -->
