<?xml version="1.0" encoding="UTF-8"?>
<testng-results ignored="2" total="3" passed="1" failed="0" skipped="0">
  <reporter-output>
  </reporter-output>
  <suite started-at="2022-10-08T21:09:25 IST" name="Default suite" finished-at="2022-10-08T21:09:35 IST" duration-ms="9577">
    <groups>
    </groups>
    <test started-at="2022-10-08T21:09:25 IST" name="Default test" finished-at="2022-10-08T21:09:35 IST" duration-ms="9577">
      <class name="com.test.LoginPageTest">
        <test-method is-config="true" signature="init()[pri:0, instance:com.test.LoginPageTest@9ef8eb7]" started-at="2022-10-08T21:09:25 IST" name="init" finished-at="2022-10-08T21:09:25 IST" duration-ms="137" status="PASS">
          <reporter-output>
          </reporter-output>
        </test-method> <!-- init -->
        <test-method is-config="true" signature="startTest(java.lang.reflect.Method)[pri:0, instance:com.test.LoginPageTest@9ef8eb7]" started-at="2022-10-08T21:09:25 IST" name="startTest" finished-at="2022-10-08T21:09:25 IST" duration-ms="3" status="PASS">
          <params>
            <param index="0">
              <value>
                <![CDATA[public void com.test.LoginPageTest.LoginTest3() throws java.lang.Exception]]>
              </value>
            </param>
          </params>
          <reporter-output>
          </reporter-output>
        </test-method> <!-- startTest -->
        <test-method is-config="true" signature="setUp()[pri:0, instance:com.test.LoginPageTest@9ef8eb7]" started-at="2022-10-08T21:09:25 IST" name="setUp" finished-at="2022-10-08T21:09:30 IST" duration-ms="5080" status="PASS">
          <reporter-output>
          </reporter-output>
        </test-method> <!-- setUp -->
        <test-method signature="LoginTest3()[pri:3, instance:com.test.LoginPageTest@9ef8eb7]" started-at="2022-10-08T21:09:30 IST" name="LoginTest3" finished-at="2022-10-08T21:09:35 IST" duration-ms="4289" status="PASS">
          <reporter-output>
          </reporter-output>
        </test-method> <!-- LoginTest3 -->
        <test-method is-config="true" signature="afterMethod(org.testng.ITestResult)[pri:0, instance:com.test.LoginPageTest@9ef8eb7]" started-at="2022-10-08T21:09:35 IST" name="afterMethod" finished-at="2022-10-08T21:09:35 IST" duration-ms="0" status="PASS">
          <params>
            <param index="0">
              <value>
                <![CDATA[[TestResult name=LoginTest3 status=SUCCESS method=LoginPageTest.LoginTest3()[pri:3, instance:com.test.LoginPageTest@9ef8eb7] output={null}]]]>
              </value>
            </param>
          </params>
          <reporter-output>
          </reporter-output>
        </test-method> <!-- afterMethod -->
        <test-method is-config="true" signature="teardown()[pri:0, instance:com.test.LoginPageTest@9ef8eb7]" started-at="2022-10-08T21:09:35 IST" name="teardown" finished-at="2022-10-08T21:09:35 IST" duration-ms="164" status="PASS">
          <reporter-output>
          </reporter-output>
        </test-method> <!-- teardown -->
        <test-method is-config="true" signature="reportFlush()[pri:0, instance:com.test.LoginPageTest@9ef8eb7]" started-at="2022-10-08T21:09:35 IST" name="reportFlush" finished-at="2022-10-08T21:09:35 IST" duration-ms="389" status="PASS">
          <reporter-output>
          </reporter-output>
        </test-method> <!-- reportFlush -->
      </class> <!-- com.test.LoginPageTest -->
    </test> <!-- Default test -->
  </suite> <!-- Default suite -->
</testng-results>
